{"contracts/Battleship.sol":{"l":{"40":2,"44":6,"65":9,"67":9,"68":4,"71":5,"72":3,"73":1,"75":3,"77":7,"85":2,"86":2,"87":2,"88":2,"89":2,"91":2,"92":2,"95":2,"96":2,"103":4,"104":4,"105":4,"117":0,"119":0,"121":0,"122":0,"123":0,"127":0,"128":0,"135":0,"136":0,"137":0,"141":0,"142":0,"147":0,"155":0,"156":0,"157":0,"159":0,"161":0,"162":0,"163":0,"168":0,"171":0,"172":0,"173":0,"182":2,"183":2,"184":2,"185":2,"195":0,"196":0,"198":0,"200":0,"201":0,"202":0,"204":0,"210":1,"211":1,"213":1,"214":1,"215":1,"223":1,"224":1,"225":1,"234":1,"235":1,"237":1,"238":1,"239":0,"240":0,"249":3,"256":0,"257":0,"261":0,"271":0,"272":0,"274":0,"275":0,"277":0,"280":0,"282":0,"284":0,"286":0,"287":0,"288":0,"289":0,"290":0,"291":0,"293":0,"294":0,"297":0,"300":0,"301":0,"302":0,"305":0},"path":"/home/roman/Skola/6semester/DMBLOCK/Zadanie_2/Zadanie 2/kody/contracts/Battleship.sol","s":{"1":2,"2":6,"3":9,"4":9,"5":4,"6":5,"7":3,"8":1,"9":3,"10":7,"11":2,"12":2,"13":2,"14":2,"15":2,"16":2,"17":2,"18":2,"19":2,"20":4,"21":4,"22":4,"23":0,"24":0,"25":0,"26":0,"27":0,"28":0,"29":0,"30":0,"31":0,"32":0,"33":0,"34":0,"35":0,"36":0,"37":0,"38":0,"39":0,"40":0,"41":0,"42":0,"43":0,"44":0,"45":0,"46":0,"47":0,"48":0,"49":0,"50":2,"51":2,"52":2,"53":2,"54":0,"55":0,"56":0,"57":0,"58":0,"59":0,"60":0,"61":1,"62":1,"63":1,"64":1,"65":1,"66":1,"67":1,"68":1,"69":1,"70":1,"71":1,"72":1,"73":0,"74":0,"75":3,"76":0,"77":0,"78":0,"79":0,"80":0,"81":0,"82":0,"83":0,"84":0,"85":0,"86":0,"87":0,"88":0,"89":0,"90":0,"91":0,"92":0,"93":0,"94":0,"95":0},"b":{"1":[4,5],"2":[3,2],"3":[1,2],"4":[4,0],"5":[4,0],"6":[0,0],"7":[0,0],"8":[0,0],"9":[0,0],"10":[0,0],"11":[0,0],"12":[0,0],"13":[0,0],"14":[0,0],"15":[0,0],"16":[0,0],"17":[0,0],"18":[0,0],"19":[2,0],"20":[2,0],"21":[0,0],"22":[0,0],"23":[0,0],"24":[1,0],"25":[1,0],"26":[1,0],"27":[1,0],"28":[1,0],"29":[1,0],"30":[1,0],"31":[0,1],"32":[0,0],"33":[0,0],"34":[0,0]},"f":{"1":2,"2":6,"3":9,"4":2,"5":4,"6":0,"7":0,"8":2,"9":0,"10":1,"11":1,"12":1,"13":3,"14":0,"15":0,"16":0},"fnMap":{"1":{"name":"callFromOnePlayerWithOpponent","line":39,"loc":{"start":{"line":39,"column":4},"end":{"line":41,"column":4}}},"2":{"name":"callFromOnePlayer","line":43,"loc":{"start":{"line":43,"column":5},"end":{"line":45,"column":4}}},"3":{"name":"store_bid","line":63,"loc":{"start":{"line":63,"column":4},"end":{"line":78,"column":4}}},"4":{"name":"clear_state","line":84,"loc":{"start":{"line":84,"column":4},"end":{"line":98,"column":4}}},"5":{"name":"store_board_commitment","line":102,"loc":{"start":{"line":102,"column":4},"end":{"line":106,"column":4}}},"6":{"name":"check_one_ship","line":113,"loc":{"start":{"line":113,"column":4},"end":{"line":148,"column":4}}},"7":{"name":"claim_win","line":154,"loc":{"start":{"line":154,"column":4},"end":{"line":175,"column":4}}},"8":{"name":"forfeit","line":181,"loc":{"start":{"line":181,"column":4},"end":{"line":186,"column":4}}},"9":{"name":"accuse_cheating","line":193,"loc":{"start":{"line":193,"column":4},"end":{"line":205,"column":4}}},"10":{"name":"claim_opponent_left","line":209,"loc":{"start":{"line":209,"column":4},"end":{"line":216,"column":4}}},"11":{"name":"handle_timeout","line":221,"loc":{"start":{"line":221,"column":4},"end":{"line":228,"column":4}}},"12":{"name":"claim_timeout_winnings","line":233,"loc":{"start":{"line":233,"column":4},"end":{"line":243,"column":4}}},"13":{"name":"is_game_over","line":248,"loc":{"start":{"line":248,"column":4},"end":{"line":250,"column":4}}},"14":{"name":"merge_bytes32","line":255,"loc":{"start":{"line":255,"column":4},"end":{"line":262,"column":4}}},"15":{"name":"verify_opening","line":270,"loc":{"start":{"line":270,"column":4},"end":{"line":297,"column":43}}},"16":{"name":"isInArray","line":299,"loc":{"start":{"line":299,"column":8},"end":{"line":306,"column":8}}}},"statementMap":{"1":{"start":{"line":40,"column":8},"end":{"line":40,"column":123}},"2":{"start":{"line":44,"column":8},"end":{"line":44,"column":69}},"3":{"start":{"line":65,"column":4},"end":{"line":65,"column":27}},"4":{"start":{"line":67,"column":4},"end":{"line":67,"column":2024}},"5":{"start":{"line":68,"column":8},"end":{"line":68,"column":22}},"6":{"start":{"line":71,"column":8},"end":{"line":71,"column":116}},"7":{"start":{"line":72,"column":8},"end":{"line":72,"column":2226}},"8":{"start":{"line":73,"column":11},"end":{"line":73,"column":46}},"9":{"start":{"line":75,"column":8},"end":{"line":75,"column":29}},"10":{"start":{"line":77,"column":4},"end":{"line":77,"column":27}},"11":{"start":{"line":85,"column":8},"end":{"line":85,"column":25}},"12":{"start":{"line":86,"column":8},"end":{"line":86,"column":14}},"13":{"start":{"line":87,"column":8},"end":{"line":87,"column":25}},"14":{"start":{"line":88,"column":8},"end":{"line":88,"column":39}},"15":{"start":{"line":89,"column":8},"end":{"line":89,"column":30}},"16":{"start":{"line":91,"column":8},"end":{"line":91,"column":58}},"17":{"start":{"line":92,"column":8},"end":{"line":92,"column":59}},"18":{"start":{"line":95,"column":8},"end":{"line":95,"column":54}},"19":{"start":{"line":96,"column":8},"end":{"line":96,"column":55}},"20":{"start":{"line":103,"column":8},"end":{"line":103,"column":74}},"21":{"start":{"line":104,"column":8},"end":{"line":104,"column":96}},"22":{"start":{"line":105,"column":8},"end":{"line":105,"column":39}},"23":{"start":{"line":117,"column":9},"end":{"line":117,"column":140}},"24":{"start":{"line":119,"column":8},"end":{"line":119,"column":4208}},"25":{"start":{"line":121,"column":12},"end":{"line":121,"column":4290}},"26":{"start":{"line":122,"column":16},"end":{"line":122,"column":4335}},"27":{"start":{"line":123,"column":19},"end":{"line":123,"column":71}},"28":{"start":{"line":127,"column":16},"end":{"line":127,"column":4554}},"29":{"start":{"line":128,"column":19},"end":{"line":128,"column":75}},"30":{"start":{"line":135,"column":12},"end":{"line":135,"column":4848}},"31":{"start":{"line":136,"column":16},"end":{"line":136,"column":4893}},"32":{"start":{"line":137,"column":19},"end":{"line":137,"column":72}},"33":{"start":{"line":141,"column":16},"end":{"line":141,"column":5114}},"34":{"start":{"line":142,"column":19},"end":{"line":142,"column":76}},"35":{"start":{"line":147,"column":8},"end":{"line":147,"column":23}},"36":{"start":{"line":155,"column":8},"end":{"line":155,"column":74}},"37":{"start":{"line":156,"column":8},"end":{"line":156,"column":83}},"38":{"start":{"line":157,"column":8},"end":{"line":157,"column":5801}},"39":{"start":{"line":159,"column":12},"end":{"line":159,"column":119}},"40":{"start":{"line":159,"column":112},"end":{"line":159,"column":118}},"41":{"start":{"line":161,"column":12},"end":{"line":161,"column":34}},"42":{"start":{"line":162,"column":12},"end":{"line":162,"column":53}},"43":{"start":{"line":163,"column":14},"end":{"line":163,"column":26}},"44":{"start":{"line":165,"column":13},"end":{"line":165,"column":6197}},"45":{"start":{"line":168,"column":12},"end":{"line":168,"column":121}},"46":{"start":{"line":168,"column":114},"end":{"line":168,"column":120}},"47":{"start":{"line":171,"column":12},"end":{"line":171,"column":34}},"48":{"start":{"line":172,"column":12},"end":{"line":172,"column":53}},"49":{"start":{"line":173,"column":13},"end":{"line":173,"column":25}},"50":{"start":{"line":182,"column":8},"end":{"line":182,"column":74}},"51":{"start":{"line":183,"column":8},"end":{"line":183,"column":81}},"52":{"start":{"line":184,"column":8},"end":{"line":184,"column":47}},"53":{"start":{"line":185,"column":8},"end":{"line":185,"column":20}},"54":{"start":{"line":195,"column":8},"end":{"line":195,"column":74}},"55":{"start":{"line":196,"column":8},"end":{"line":196,"column":89}},"56":{"start":{"line":198,"column":8},"end":{"line":198,"column":139}},"57":{"start":{"line":200,"column":8},"end":{"line":200,"column":8169}},"58":{"start":{"line":201,"column":12},"end":{"line":201,"column":53}},"59":{"start":{"line":202,"column":12},"end":{"line":202,"column":24}},"60":{"start":{"line":204,"column":8},"end":{"line":204,"column":22}},"61":{"start":{"line":210,"column":8},"end":{"line":210,"column":74}},"62":{"start":{"line":211,"column":8},"end":{"line":211,"column":122}},"63":{"start":{"line":213,"column":7},"end":{"line":213,"column":40}},"64":{"start":{"line":214,"column":8},"end":{"line":214,"column":53}},"65":{"start":{"line":215,"column":8},"end":{"line":215,"column":50}},"66":{"start":{"line":223,"column":8},"end":{"line":223,"column":9220}},"67":{"start":{"line":224,"column":12},"end":{"line":224,"column":9282}},"68":{"start":{"line":225,"column":16},"end":{"line":225,"column":35}},"69":{"start":{"line":234,"column":8},"end":{"line":234,"column":74}},"70":{"start":{"line":235,"column":8},"end":{"line":235,"column":125}},"71":{"start":{"line":237,"column":8},"end":{"line":237,"column":10005}},"72":{"start":{"line":238,"column":8},"end":{"line":238,"column":10061}},"73":{"start":{"line":239,"column":12},"end":{"line":239,"column":53}},"74":{"start":{"line":240,"column":12},"end":{"line":240,"column":24}},"75":{"start":{"line":249,"column":8},"end":{"line":249,"column":31}},"76":{"start":{"line":256,"column":8},"end":{"line":256,"column":43}},"77":{"start":{"line":261,"column":8},"end":{"line":261,"column":21}},"78":{"start":{"line":271,"column":8},"end":{"line":271,"column":54}},"79":{"start":{"line":272,"column":8},"end":{"line":272,"column":47}},"80":{"start":{"line":274,"column":8},"end":{"line":274,"column":33}},"81":{"start":{"line":275,"column":8},"end":{"line":275,"column":18}},"82":{"start":{"line":277,"column":8},"end":{"line":277,"column":11662}},"83":{"start":{"line":280,"column":12},"end":{"line":280,"column":68}},"84":{"start":{"line":282,"column":12},"end":{"line":282,"column":62}},"85":{"start":{"line":284,"column":12},"end":{"line":284,"column":85}},"86":{"start":{"line":286,"column":12},"end":{"line":286,"column":95}},"87":{"start":{"line":288,"column":12},"end":{"line":288,"column":50}},"88":{"start":{"line":289,"column":12},"end":{"line":289,"column":12422}},"89":{"start":{"line":290,"column":16},"end":{"line":290,"column":91}},"90":{"start":{"line":293,"column":16},"end":{"line":293,"column":91}},"91":{"start":{"line":297,"column":8},"end":{"line":297,"column":38}},"92":{"start":{"line":300,"column":12},"end":{"line":300,"column":12911}},"93":{"start":{"line":301,"column":16},"end":{"line":301,"column":12973}},"94":{"start":{"line":302,"column":20},"end":{"line":302,"column":31}},"95":{"start":{"line":305,"column":12},"end":{"line":305,"column":24}}},"branchMap":{"1":{"line":67,"type":"if","locations":[{"start":{"line":67,"column":4},"end":{"line":67,"column":4}},{"start":{"line":67,"column":4},"end":{"line":67,"column":4}}]},"2":{"line":71,"type":"if","locations":[{"start":{"line":71,"column":8},"end":{"line":71,"column":8}},{"start":{"line":71,"column":8},"end":{"line":71,"column":8}}]},"3":{"line":72,"type":"if","locations":[{"start":{"line":72,"column":8},"end":{"line":72,"column":8}},{"start":{"line":72,"column":8},"end":{"line":72,"column":8}}]},"4":{"line":103,"type":"if","locations":[{"start":{"line":103,"column":8},"end":{"line":103,"column":8}},{"start":{"line":103,"column":8},"end":{"line":103,"column":8}}]},"5":{"line":104,"type":"if","locations":[{"start":{"line":104,"column":8},"end":{"line":104,"column":8}},{"start":{"line":104,"column":8},"end":{"line":104,"column":8}}]},"6":{"line":119,"type":"if","locations":[{"start":{"line":119,"column":8},"end":{"line":119,"column":8}},{"start":{"line":119,"column":8},"end":{"line":119,"column":8}}]},"7":{"line":121,"type":"if","locations":[{"start":{"line":121,"column":12},"end":{"line":121,"column":12}},{"start":{"line":121,"column":12},"end":{"line":121,"column":12}}]},"8":{"line":122,"type":"if","locations":[{"start":{"line":122,"column":16},"end":{"line":122,"column":16}},{"start":{"line":122,"column":16},"end":{"line":122,"column":16}}]},"9":{"line":127,"type":"if","locations":[{"start":{"line":127,"column":16},"end":{"line":127,"column":16}},{"start":{"line":127,"column":16},"end":{"line":127,"column":16}}]},"10":{"line":135,"type":"if","locations":[{"start":{"line":135,"column":12},"end":{"line":135,"column":12}},{"start":{"line":135,"column":12},"end":{"line":135,"column":12}}]},"11":{"line":136,"type":"if","locations":[{"start":{"line":136,"column":16},"end":{"line":136,"column":16}},{"start":{"line":136,"column":16},"end":{"line":136,"column":16}}]},"12":{"line":141,"type":"if","locations":[{"start":{"line":141,"column":16},"end":{"line":141,"column":16}},{"start":{"line":141,"column":16},"end":{"line":141,"column":16}}]},"13":{"line":155,"type":"if","locations":[{"start":{"line":155,"column":8},"end":{"line":155,"column":8}},{"start":{"line":155,"column":8},"end":{"line":155,"column":8}}]},"14":{"line":156,"type":"if","locations":[{"start":{"line":156,"column":8},"end":{"line":156,"column":8}},{"start":{"line":156,"column":8},"end":{"line":156,"column":8}}]},"15":{"line":157,"type":"if","locations":[{"start":{"line":157,"column":8},"end":{"line":157,"column":8}},{"start":{"line":157,"column":8},"end":{"line":157,"column":8}}]},"16":{"line":159,"type":"if","locations":[{"start":{"line":159,"column":12},"end":{"line":159,"column":12}},{"start":{"line":159,"column":12},"end":{"line":159,"column":12}}]},"17":{"line":165,"type":"if","locations":[{"start":{"line":165,"column":13},"end":{"line":165,"column":13}},{"start":{"line":165,"column":13},"end":{"line":165,"column":13}}]},"18":{"line":168,"type":"if","locations":[{"start":{"line":168,"column":12},"end":{"line":168,"column":12}},{"start":{"line":168,"column":12},"end":{"line":168,"column":12}}]},"19":{"line":182,"type":"if","locations":[{"start":{"line":182,"column":8},"end":{"line":182,"column":8}},{"start":{"line":182,"column":8},"end":{"line":182,"column":8}}]},"20":{"line":183,"type":"if","locations":[{"start":{"line":183,"column":8},"end":{"line":183,"column":8}},{"start":{"line":183,"column":8},"end":{"line":183,"column":8}}]},"21":{"line":195,"type":"if","locations":[{"start":{"line":195,"column":8},"end":{"line":195,"column":8}},{"start":{"line":195,"column":8},"end":{"line":195,"column":8}}]},"22":{"line":196,"type":"if","locations":[{"start":{"line":196,"column":8},"end":{"line":196,"column":8}},{"start":{"line":196,"column":8},"end":{"line":196,"column":8}}]},"23":{"line":200,"type":"if","locations":[{"start":{"line":200,"column":8},"end":{"line":200,"column":8}},{"start":{"line":200,"column":8},"end":{"line":200,"column":8}}]},"24":{"line":210,"type":"if","locations":[{"start":{"line":210,"column":8},"end":{"line":210,"column":8}},{"start":{"line":210,"column":8},"end":{"line":210,"column":8}}]},"25":{"line":211,"type":"if","locations":[{"start":{"line":211,"column":8},"end":{"line":211,"column":8}},{"start":{"line":211,"column":8},"end":{"line":211,"column":8}}]},"26":{"line":223,"type":"if","locations":[{"start":{"line":223,"column":8},"end":{"line":223,"column":8}},{"start":{"line":223,"column":8},"end":{"line":223,"column":8}}]},"27":{"line":224,"type":"if","locations":[{"start":{"line":224,"column":12},"end":{"line":224,"column":12}},{"start":{"line":224,"column":12},"end":{"line":224,"column":12}}]},"28":{"line":234,"type":"if","locations":[{"start":{"line":234,"column":8},"end":{"line":234,"column":8}},{"start":{"line":234,"column":8},"end":{"line":234,"column":8}}]},"29":{"line":235,"type":"if","locations":[{"start":{"line":235,"column":8},"end":{"line":235,"column":8}},{"start":{"line":235,"column":8},"end":{"line":235,"column":8}}]},"30":{"line":237,"type":"if","locations":[{"start":{"line":237,"column":8},"end":{"line":237,"column":8}},{"start":{"line":237,"column":8},"end":{"line":237,"column":8}}]},"31":{"line":238,"type":"if","locations":[{"start":{"line":238,"column":8},"end":{"line":238,"column":8}},{"start":{"line":238,"column":8},"end":{"line":238,"column":8}}]},"32":{"line":288,"type":"if","locations":[{"start":{"line":288,"column":12},"end":{"line":288,"column":12}},{"start":{"line":288,"column":12},"end":{"line":288,"column":12}}]},"33":{"line":289,"type":"if","locations":[{"start":{"line":289,"column":12},"end":{"line":289,"column":12}},{"start":{"line":289,"column":12},"end":{"line":289,"column":12}}]},"34":{"line":301,"type":"if","locations":[{"start":{"line":301,"column":16},"end":{"line":301,"column":16}},{"start":{"line":301,"column":16},"end":{"line":301,"column":16}}]}}}}