{
"contracts/contract_starter.sol":{"l":{"56":2,"57":2,"59":2,"62":2,"70":1,"71":0,"72":0,"73":0,"74":0,"76":0,"77":0,"79":0,"80":0,"87":0,"97":0,"99":0,"101":0,"102":0,"103":0,"106":0,"107":0,"113":0,"114":0,"115":0,"117":0,"118":0,"122":0,"130":0,"132":0,"134":0,"135":0,"136":0,"140":0,"141":0,"142":0,"146":0,"147":0,"148":0,"153":0,"155":0,"156":0,"157":0,"161":0,"162":0,"163":0,"167":0,"168":0,"169":0,"179":1,"180":1,"190":0,"192":0,"193":0,"196":0,"199":0,"201":0,"202":0,"203":0,"205":0,"211":0,"212":0,"213":0,"221":0,"222":0,"223":0,"234":0,"235":0,"236":0,"237":0,"246":0,"253":0,"254":0,"258":0,"268":0,"269":0,"271":0,"272":0,"274":0,"277":0,"279":0,"281":0,"283":0,"284":0,"285":0,"286":0,"287":0,"288":0,"290":0,"291":0,"294":0},"path":"/home/roman/Skola/6semester/DMBLOCK/Zadanie_2/Zadanie 2/kody/contracts/contract_starter.sol","s":{"1":2,"2":2,"3":2,"4":2,"5":1,"6":0,"7":0,"8":0,"9":0,"10":0,"11":0,"12":0,"13":0,"14":0,"15":0,"16":0,"17":0,"18":0,"19":0,"20":0,"21":0,"22":0,"23":0,"24":0,"25":0,"26":0,"27":0,"28":0,"29":0,"30":0,"31":0,"32":0,"33":0,"34":0,"35":0,"36":0,"37":0,"38":0,"39":0,"40":0,"41":0,"42":0,"43":0,"44":0,"45":0,"46":0,"47":0,"48":0,"49":0,"50":0,"51":0,"52":1,"53":1,"54":0,"55":0,"56":0,"57":0,"58":0,"59":0,"60":0,"61":0,"62":0,"63":0,"64":0,"65":0,"66":0,"67":0,"68":0,"69":0,"70":0,"71":0,"72":0,"73":0,"74":0,"75":0,"76":0,"77":0,"78":0,"79":0,"80":0,"81":0,"82":0,"83":0,"84":0,"85":0,"86":0,"87":0,"88":0,"89":0},"b":{"1":[0,0],"2":[0,0],"3":[0,0],"4":[0,0],"5":[0,0],"6":[0,0],"7":[0,0],"8":[0,0],"9":[0,0],"10":[0,0],"11":[0,0],"12":[0,0],"13":[0,0],"14":[0,0],"15":[0,0],"16":[0,0],"17":[0,0],"18":[0,0],"19":[0,0]},"f":{"1":2,"2":1,"3":0,"4":0,"5":0,"6":1,"7":0,"8":0,"9":0,"10":0,"11":0,"12":0,"13":0},"fnMap":{"1":{"name":"store_bid","line":54,"loc":{"start":{"line":54,"column":4},"end":{"line":63,"column":4}}},"2":{"name":"clear_state","line":69,"loc":{"start":{"line":69,"column":4},"end":{"line":82,"column":4}}},"3":{"name":"store_board_commitment","line":86,"loc":{"start":{"line":86,"column":4},"end":{"line":88,"column":4}}},"4":{"name":"check_one_ship","line":95,"loc":{"start":{"line":95,"column":4},"end":{"line":123,"column":4}}},"5":{"name":"claim_win","line":129,"loc":{"start":{"line":129,"column":4},"end":{"line":171,"column":4}}},"6":{"name":"forfeit","line":177,"loc":{"start":{"line":177,"column":4},"end":{"line":181,"column":4}}},"7":{"name":"accuse_cheating","line":188,"loc":{"start":{"line":188,"column":4},"end":{"line":206,"column":4}}},"8":{"name":"claim_opponent_left","line":210,"loc":{"start":{"line":210,"column":4},"end":{"line":214,"column":4}}},"9":{"name":"handle_timeout","line":219,"loc":{"start":{"line":219,"column":4},"end":{"line":226,"column":4}}},"10":{"name":"claim_timeout_winnings","line":231,"loc":{"start":{"line":231,"column":4},"end":{"line":240,"column":4}}},"11":{"name":"is_game_over","line":245,"loc":{"start":{"line":245,"column":4},"end":{"line":247,"column":4}}},"12":{"name":"merge_bytes32","line":252,"loc":{"start":{"line":252,"column":4},"end":{"line":259,"column":4}}},"13":{"name":"verify_opening","line":267,"loc":{"start":{"line":267,"column":4},"end":{"line":296,"column":4}}}},"statementMap":{"1":{"start":{"line":56,"column":4},"end":{"line":56,"column":25}},"2":{"start":{"line":57,"column":4},"end":{"line":57,"column":27}},"3":{"start":{"line":59,"column":4},"end":{"line":59,"column":18}},"4":{"start":{"line":62,"column":4},"end":{"line":62,"column":27}},"5":{"start":{"line":70,"column":8},"end":{"line":70,"column":25}},"6":{"start":{"line":71,"column":8},"end":{"line":71,"column":14}},"7":{"start":{"line":72,"column":8},"end":{"line":72,"column":25}},"8":{"start":{"line":73,"column":8},"end":{"line":73,"column":39}},"9":{"start":{"line":74,"column":8},"end":{"line":74,"column":30}},"10":{"start":{"line":76,"column":8},"end":{"line":76,"column":50}},"11":{"start":{"line":77,"column":8},"end":{"line":77,"column":51}},"12":{"start":{"line":79,"column":8},"end":{"line":79,"column":49}},"13":{"start":{"line":80,"column":8},"end":{"line":80,"column":50}},"14":{"start":{"line":87,"column":8},"end":{"line":87,"column":39}},"15":{"start":{"line":97,"column":8},"end":{"line":97,"column":22}},"16":{"start":{"line":99,"column":8},"end":{"line":99,"column":3030}},"17":{"start":{"line":101,"column":12},"end":{"line":101,"column":3112}},"18":{"start":{"line":102,"column":12},"end":{"line":102,"column":37}},"19":{"start":{"line":103,"column":12},"end":{"line":103,"column":106}},"20":{"start":{"line":106,"column":16},"end":{"line":106,"column":41}},"21":{"start":{"line":107,"column":16},"end":{"line":107,"column":109}},"22":{"start":{"line":113,"column":12},"end":{"line":113,"column":3593}},"23":{"start":{"line":114,"column":16},"end":{"line":114,"column":41}},"24":{"start":{"line":115,"column":16},"end":{"line":115,"column":111}},"25":{"start":{"line":117,"column":16},"end":{"line":117,"column":41}},"26":{"start":{"line":118,"column":16},"end":{"line":118,"column":110}},"27":{"start":{"line":122,"column":8},"end":{"line":122,"column":77}},"28":{"start":{"line":130,"column":8},"end":{"line":130,"column":4353}},"29":{"start":{"line":132,"column":12},"end":{"line":132,"column":106}},"30":{"start":{"line":132,"column":99},"end":{"line":132,"column":105}},"31":{"start":{"line":134,"column":12},"end":{"line":134,"column":4601}},"32":{"start":{"line":135,"column":16},"end":{"line":135,"column":4684}},"33":{"start":{"line":136,"column":20},"end":{"line":136,"column":26}},"34":{"start":{"line":140,"column":12},"end":{"line":140,"column":4797}},"35":{"start":{"line":141,"column":16},"end":{"line":141,"column":4879}},"36":{"start":{"line":142,"column":20},"end":{"line":142,"column":26}},"37":{"start":{"line":146,"column":12},"end":{"line":146,"column":34}},"38":{"start":{"line":147,"column":12},"end":{"line":147,"column":53}},"39":{"start":{"line":148,"column":14},"end":{"line":148,"column":26}},"40":{"start":{"line":150,"column":13},"end":{"line":150,"column":5126}},"41":{"start":{"line":153,"column":12},"end":{"line":153,"column":108}},"42":{"start":{"line":153,"column":101},"end":{"line":153,"column":107}},"43":{"start":{"line":155,"column":12},"end":{"line":155,"column":5377}},"44":{"start":{"line":156,"column":16},"end":{"line":156,"column":5461}},"45":{"start":{"line":157,"column":20},"end":{"line":157,"column":26}},"46":{"start":{"line":161,"column":12},"end":{"line":161,"column":5587}},"47":{"start":{"line":162,"column":16},"end":{"line":162,"column":5670}},"48":{"start":{"line":163,"column":20},"end":{"line":163,"column":26}},"49":{"start":{"line":167,"column":12},"end":{"line":167,"column":34}},"50":{"start":{"line":168,"column":12},"end":{"line":168,"column":53}},"51":{"start":{"line":169,"column":13},"end":{"line":169,"column":25}},"52":{"start":{"line":179,"column":8},"end":{"line":179,"column":47}},"53":{"start":{"line":180,"column":8},"end":{"line":180,"column":20}},"54":{"start":{"line":190,"column":8},"end":{"line":190,"column":22}},"55":{"start":{"line":192,"column":8},"end":{"line":192,"column":7001}},"56":{"start":{"line":193,"column":12},"end":{"line":193,"column":37}},"57":{"start":{"line":196,"column":12},"end":{"line":196,"column":37}},"58":{"start":{"line":199,"column":8},"end":{"line":199,"column":86}},"59":{"start":{"line":201,"column":8},"end":{"line":201,"column":7404}},"60":{"start":{"line":202,"column":12},"end":{"line":202,"column":53}},"61":{"start":{"line":203,"column":12},"end":{"line":203,"column":24}},"62":{"start":{"line":205,"column":8},"end":{"line":205,"column":22}},"63":{"start":{"line":211,"column":7},"end":{"line":211,"column":40}},"64":{"start":{"line":212,"column":8},"end":{"line":212,"column":53}},"65":{"start":{"line":213,"column":8},"end":{"line":213,"column":50}},"66":{"start":{"line":221,"column":8},"end":{"line":221,"column":8244}},"67":{"start":{"line":222,"column":12},"end":{"line":222,"column":8306}},"68":{"start":{"line":223,"column":16},"end":{"line":223,"column":35}},"69":{"start":{"line":234,"column":8},"end":{"line":234,"column":8840}},"70":{"start":{"line":235,"column":8},"end":{"line":235,"column":8896}},"71":{"start":{"line":236,"column":12},"end":{"line":236,"column":53}},"72":{"start":{"line":237,"column":12},"end":{"line":237,"column":24}},"73":{"start":{"line":246,"column":8},"end":{"line":246,"column":31}},"74":{"start":{"line":253,"column":8},"end":{"line":253,"column":43}},"75":{"start":{"line":258,"column":8},"end":{"line":258,"column":21}},"76":{"start":{"line":268,"column":8},"end":{"line":268,"column":54}},"77":{"start":{"line":269,"column":8},"end":{"line":269,"column":47}},"78":{"start":{"line":271,"column":8},"end":{"line":271,"column":33}},"79":{"start":{"line":272,"column":8},"end":{"line":272,"column":18}},"80":{"start":{"line":274,"column":8},"end":{"line":274,"column":10497}},"81":{"start":{"line":277,"column":12},"end":{"line":277,"column":68}},"82":{"start":{"line":279,"column":12},"end":{"line":279,"column":62}},"83":{"start":{"line":281,"column":12},"end":{"line":281,"column":85}},"84":{"start":{"line":283,"column":12},"end":{"line":283,"column":95}},"85":{"start":{"line":285,"column":12},"end":{"line":285,"column":50}},"86":{"start":{"line":286,"column":12},"end":{"line":286,"column":11257}},"87":{"start":{"line":287,"column":16},"end":{"line":287,"column":91}},"88":{"start":{"line":290,"column":16},"end":{"line":290,"column":91}},"89":{"start":{"line":294,"column":8},"end":{"line":294,"column":38}}},"branchMap":{"1":{"line":99,"type":"if","locations":[{"start":{"line":99,"column":8},"end":{"line":99,"column":8}},{"start":{"line":99,"column":8},"end":{"line":99,"column":8}}]},"2":{"line":101,"type":"if","locations":[{"start":{"line":101,"column":12},"end":{"line":101,"column":12}},{"start":{"line":101,"column":12},"end":{"line":101,"column":12}}]},"3":{"line":113,"type":"if","locations":[{"start":{"line":113,"column":12},"end":{"line":113,"column":12}},{"start":{"line":113,"column":12},"end":{"line":113,"column":12}}]},"4":{"line":130,"type":"if","locations":[{"start":{"line":130,"column":8},"end":{"line":130,"column":8}},{"start":{"line":130,"column":8},"end":{"line":130,"column":8}}]},"5":{"line":132,"type":"if","locations":[{"start":{"line":132,"column":12},"end":{"line":132,"column":12}},{"start":{"line":132,"column":12},"end":{"line":132,"column":12}}]},"6":{"line":135,"type":"if","locations":[{"start":{"line":135,"column":16},"end":{"line":135,"column":16}},{"start":{"line":135,"column":16},"end":{"line":135,"column":16}}]},"7":{"line":141,"type":"if","locations":[{"start":{"line":141,"column":16},"end":{"line":141,"column":16}},{"start":{"line":141,"column":16},"end":{"line":141,"column":16}}]},"8":{"line":150,"type":"if","locations":[{"start":{"line":150,"column":13},"end":{"line":150,"column":13}},{"start":{"line":150,"column":13},"end":{"line":150,"column":13}}]},"9":{"line":153,"type":"if","locations":[{"start":{"line":153,"column":12},"end":{"line":153,"column":12}},{"start":{"line":153,"column":12},"end":{"line":153,"column":12}}]},"10":{"line":156,"type":"if","locations":[{"start":{"line":156,"column":16},"end":{"line":156,"column":16}},{"start":{"line":156,"column":16},"end":{"line":156,"column":16}}]},"11":{"line":162,"type":"if","locations":[{"start":{"line":162,"column":16},"end":{"line":162,"column":16}},{"start":{"line":162,"column":16},"end":{"line":162,"column":16}}]},"12":{"line":192,"type":"if","locations":[{"start":{"line":192,"column":8},"end":{"line":192,"column":8}},{"start":{"line":192,"column":8},"end":{"line":192,"column":8}}]},"13":{"line":201,"type":"if","locations":[{"start":{"line":201,"column":8},"end":{"line":201,"column":8}},{"start":{"line":201,"column":8},"end":{"line":201,"column":8}}]},"14":{"line":221,"type":"if","locations":[{"start":{"line":221,"column":8},"end":{"line":221,"column":8}},{"start":{"line":221,"column":8},"end":{"line":221,"column":8}}]},"15":{"line":222,"type":"if","locations":[{"start":{"line":222,"column":12},"end":{"line":222,"column":12}},{"start":{"line":222,"column":12},"end":{"line":222,"column":12}}]},"16":{"line":234,"type":"if","locations":[{"start":{"line":234,"column":8},"end":{"line":234,"column":8}},{"start":{"line":234,"column":8},"end":{"line":234,"column":8}}]},"17":{"line":235,"type":"if","locations":[{"start":{"line":235,"column":8},"end":{"line":235,"column":8}},{"start":{"line":235,"column":8},"end":{"line":235,"column":8}}]},"18":{"line":285,"type":"if","locations":[{"start":{"line":285,"column":12},"end":{"line":285,"column":12}},{"start":{"line":285,"column":12},"end":{"line":285,"column":12}}]},"19":{"line":286,"type":"if","locations":[{"start":{"line":286,"column":12},"end":{"line":286,"column":12}},{"start":{"line":286,"column":12},"end":{"line":286,"column":12}}]}}}}
