TN:
SF:/home/roman/Skola/6semester/DMBLOCK/Zadanie_2/Zadanie 2/kody/contracts/Battleship.sol
FN:39,callFromOnePlayerWithOpponent
FN:43,callFromOnePlayer
FN:63,store_bid
FN:84,clear_state
FN:102,store_board_commitment
FN:113,check_one_ship
FN:154,claim_win
FN:181,forfeit
FN:193,accuse_cheating
FN:209,claim_opponent_left
FN:221,handle_timeout
FN:233,claim_timeout_winnings
FN:248,is_game_over
FN:255,merge_bytes32
FN:270,verify_opening
FN:299,isInArray
FNF:16
FNH:10
FNDA:2,callFromOnePlayerWithOpponent
FNDA:6,callFromOnePlayer
FNDA:9,store_bid
FNDA:2,clear_state
FNDA:4,store_board_commitment
FNDA:0,check_one_ship
FNDA:0,claim_win
FNDA:2,forfeit
FNDA:0,accuse_cheating
FNDA:1,claim_opponent_left
FNDA:1,handle_timeout
FNDA:1,claim_timeout_winnings
FNDA:3,is_game_over
FNDA:0,merge_bytes32
FNDA:0,verify_opening
FNDA:0,isInArray
DA:40,2
DA:44,6
DA:65,9
DA:67,9
DA:68,4
DA:71,5
DA:72,3
DA:73,1
DA:75,3
DA:77,7
DA:85,2
DA:86,2
DA:87,2
DA:88,2
DA:89,2
DA:91,2
DA:92,2
DA:95,2
DA:96,2
DA:103,4
DA:104,4
DA:105,4
DA:117,0
DA:119,0
DA:121,0
DA:122,0
DA:123,0
DA:127,0
DA:128,0
DA:135,0
DA:136,0
DA:137,0
DA:141,0
DA:142,0
DA:147,0
DA:155,0
DA:156,0
DA:157,0
DA:159,0
DA:161,0
DA:162,0
DA:163,0
DA:168,0
DA:171,0
DA:172,0
DA:173,0
DA:182,2
DA:183,2
DA:184,2
DA:185,2
DA:195,0
DA:196,0
DA:198,0
DA:200,0
DA:201,0
DA:202,0
DA:204,0
DA:210,1
DA:211,1
DA:213,1
DA:214,1
DA:215,1
DA:223,1
DA:224,1
DA:225,1
DA:234,1
DA:235,1
DA:237,1
DA:238,1
DA:239,0
DA:240,0
DA:249,3
DA:256,0
DA:257,0
DA:261,0
DA:271,0
DA:272,0
DA:274,0
DA:275,0
DA:277,0
DA:280,0
DA:282,0
DA:284,0
DA:286,0
DA:287,0
DA:288,0
DA:289,0
DA:290,0
DA:291,0
DA:293,0
DA:294,0
DA:297,0
DA:300,0
DA:301,0
DA:302,0
DA:305,0
LF:96
LH:39
BRDA:67,1,0,4
BRDA:67,1,1,5
BRDA:71,2,0,3
BRDA:71,2,1,2
BRDA:72,3,0,1
BRDA:72,3,1,2
BRDA:103,4,0,4
BRDA:103,4,1,0
BRDA:104,5,0,4
BRDA:104,5,1,0
BRDA:119,6,0,0
BRDA:119,6,1,0
BRDA:121,7,0,0
BRDA:121,7,1,0
BRDA:122,8,0,0
BRDA:122,8,1,0
BRDA:127,9,0,0
BRDA:127,9,1,0
BRDA:135,10,0,0
BRDA:135,10,1,0
BRDA:136,11,0,0
BRDA:136,11,1,0
BRDA:141,12,0,0
BRDA:141,12,1,0
BRDA:155,13,0,0
BRDA:155,13,1,0
BRDA:156,14,0,0
BRDA:156,14,1,0
BRDA:157,15,0,0
BRDA:157,15,1,0
BRDA:159,16,0,0
BRDA:159,16,1,0
BRDA:165,17,0,0
BRDA:165,17,1,0
BRDA:168,18,0,0
BRDA:168,18,1,0
BRDA:182,19,0,2
BRDA:182,19,1,0
BRDA:183,20,0,2
BRDA:183,20,1,0
BRDA:195,21,0,0
BRDA:195,21,1,0
BRDA:196,22,0,0
BRDA:196,22,1,0
BRDA:200,23,0,0
BRDA:200,23,1,0
BRDA:210,24,0,1
BRDA:210,24,1,0
BRDA:211,25,0,1
BRDA:211,25,1,0
BRDA:223,26,0,1
BRDA:223,26,1,0
BRDA:224,27,0,1
BRDA:224,27,1,0
BRDA:234,28,0,1
BRDA:234,28,1,0
BRDA:235,29,0,1
BRDA:235,29,1,0
BRDA:237,30,0,1
BRDA:237,30,1,0
BRDA:238,31,0,0
BRDA:238,31,1,1
BRDA:288,32,0,0
BRDA:288,32,1,0
BRDA:289,33,0,0
BRDA:289,33,1,0
BRDA:301,34,0,0
BRDA:301,34,1,0
BRF:68
BRH:18
end_of_record
